Base path: /Applications/Unity/Unity.app/Contents
Pipe name: \\.\pipe\UnityShaderCompiler-4--1330884608
Cmd: getPlatforms
Cmd: compileSnippet
  api=9 type=0 insize=4776 outsize=4600 kw=DIRECTIONAL LIGHTMAP_OFF DIRLIGHTMAP_OFF VERTEXLIGHT_ON ok=1
Cmd: compileSnippet
  api=9 type=0 insize=2734 outsize=2244 kw=DIRECTIONAL ok=1
Cmd: compileSnippet
  api=5 type=0 insize=2734 outsize=2765 kw=POINT_COOKIE ok=1
Cmd: compileSnippet
  api=9 type=0 insize=876 outsize=629 kw= ok=1
Cmd: compileSnippet
  api=9 type=1 insize=1109 outsize=7 kw= ok=1
Cmd: compileSnippet
  api=9 type=0 insize=4776 outsize=1603 kw=DIRECTIONAL LIGHTMAP_ON DIRLIGHTMAP_OFF ok=1
Cmd: compileSnippet
  api=5 type=1 insize=4776 outsize=6 kw=DIRECTIONAL LIGHTMAP_ON DIRLIGHTMAP_OFF ok=1
Cmd: compileSnippet
  api=5 type=1 insize=2734 outsize=6 kw=DIRECTIONAL ok=1
Cmd: compileSnippet
  api=5 type=1 insize=2734 outsize=6 kw=POINT_COOKIE ok=1
Cmd: compileSnippet
  api=9 type=0 insize=986 outsize=721 kw= ok=1
Cmd: compileSnippet
  api=9 type=0 insize=1203 outsize=1140 kw= ok=1
Cmd: compileSnippet
  api=9 type=1 insize=1770 outsize=7 kw= ok=1
Cmd: compileSnippet
  api=9 type=0 insize=1274 outsize=1049 kw= ok=1
Cmd: compileSnippet
  api=9 type=0 insize=2154 outsize=2151 kw= ok=1
Cmd: compileSnippet
  api=9 type=0 insize=1327 outsize=1288 kw= ok=1
Cmd: compileSnippet
  api=9 type=0 insize=1788 outsize=1628 kw= ok=1
Cmd: compileSnippet
  api=9 type=1 insize=2219 outsize=7 kw= ok=1
Cmd: compileSnippet
  api=9 type=0 insize=1260 outsize=1014 kw= ok=1
Cmd: compileSnippet
  api=9 type=1 insize=924 outsize=7 kw= ok=1
Cmd: compileSnippet
  api=9 type=1 insize=2137 outsize=7 kw= ok=1
Cmd: compileSnippet
  api=9 type=1 insize=1260 outsize=7 kw= ok=1
Cmd: compileSnippet
  api=9 type=1 insize=1329 outsize=7 kw= ok=1
Cmd: compileSnippet
  api=9 type=0 insize=1222 outsize=1116 kw= ok=1
Cmd: compileSnippet
  api=9 type=0 insize=1277 outsize=1033 kw= ok=1
Cmd: compileSnippet
  api=9 type=1 insize=1333 outsize=7 kw= ok=1
Cmd: compileSnippet
  api=9 type=0 insize=2284 outsize=2499 kw= ok=1
Cmd: compileSnippet
  api=9 type=1 insize=882 outsize=7 kw= ok=1
Cmd: compileSnippet
  api=9 type=0 insize=5645 outsize=3135 kw=DIRECTIONAL LIGHTMAP_ON DIRLIGHTMAP_OFF ok=1
Cmd: compileSnippet
  api=9 type=0 insize=5645 outsize=3273 kw=DIRECTIONAL LIGHTMAP_ON DIRLIGHTMAP_ON ok=1
Cmd: compileSnippet
  api=9 type=1 insize=5645 outsize=7 kw=DIRECTIONAL LIGHTMAP_ON DIRLIGHTMAP_OFF ok=1
Cmd: compileSnippet
  api=9 type=0 insize=3604 outsize=4160 kw=POINT ok=1
Cmd: compileSnippet
  api=9 type=0 insize=3604 outsize=4392 kw=SPOT ok=1
Cmd: compileSnippet
  api=9 type=1 insize=3604 outsize=7 kw=POINT ok=1
Cmd: compileSnippet
  api=5 type=1 insize=3604 outsize=6 kw=POINT_COOKIE ok=1
Cmd: compileSnippet
  api=9 type=0 insize=1099 outsize=1008 kw= ok=1
Cmd: compileSnippet
  api=9 type=1 insize=1051 outsize=7 kw= ok=1
Cmd: compileSnippet
  api=9 type=1 insize=1917 outsize=7 kw= ok=1
End of pipe

Quitting shader compiler process
